<?xml version="1.0" encoding="UTF-8"?>
<testsuite xmlns:xsi="http://www.w3.org/2001/XMLSchema-instance" xsi:noNamespaceSchemaLocation="https://maven.apache.org/surefire/maven-surefire-plugin/xsd/surefire-test-report.xsd" name="testrunner.GmailHomePageTest" time="2.029" tests="3" errors="0" skipped="0" failures="0">
  <properties>
[...]
</properties>
  <testcase name="Verify Gmail Home Page #1" classname="Gmail Home Page" time="0.371"/>
  <testcase name="Verify Gmail Home Page #2" classname="Gmail Home Page" time="0.028"/>
  <testcase name="Verify Gmail Home Page #3" classname="Gmail Home Page" time="0.009"/>
</testsuite>